[0m18:49:08.011274 [debug] [MainThread]: Sending event: {'category': 'dbt', 'action': 'invocation', 'label': 'start', 'context': [<snowplow_tracker.self_describing_json.SelfDescribingJson object at 0x10cc212e0>, <snowplow_tracker.self_describing_json.SelfDescribingJson object at 0x10e74a610>, <snowplow_tracker.self_describing_json.SelfDescribingJson object at 0x10e74a100>]}


============================== 18:49:08.017602 | 20b8378a-258f-4205-a8a5-e51d5ef11585 ==============================
[0m18:49:08.017602 [info ] [MainThread]: Running with dbt=1.8.6
[0m18:49:08.018318 [debug] [MainThread]: running dbt with arguments {'printer_width': '80', 'indirect_selection': 'eager', 'write_json': 'True', 'log_cache_events': 'False', 'partial_parse': 'True', 'cache_selected_only': 'False', 'profiles_dir': '/Users/gevorgkhachaturyan/.dbt', 'debug': 'False', 'fail_fast': 'False', 'log_path': 'logs', 'version_check': 'True', 'warn_error': 'None', 'use_colors': 'True', 'use_experimental_parser': 'False', 'no_print': 'None', 'quiet': 'False', 'empty': 'None', 'log_format': 'default', 'introspect': 'True', 'invocation_command': 'dbt init jaffle_shop', 'static_parser': 'True', 'target_path': 'None', 'warn_error_options': 'WarnErrorOptions(include=[], exclude=[])', 'send_anonymous_usage_stats': 'True'}
[0m18:49:08.029565 [warn ] [MainThread]: [ConfigFolderDirectory]: Unable to parse dict {'dir': PosixPath('/Users/gevorgkhachaturyan/.dbt')}
[0m18:49:08.029986 [info ] [MainThread]: Creating dbt configuration folder at 
[0m18:49:08.031441 [debug] [MainThread]: Starter project path: /Users/gevorgkhachaturyan/Development/dbt-env/lib/python3.9/site-packages/dbt/include/starter_project
[0m18:49:08.037587 [info ] [MainThread]: 
Your new dbt project "jaffle_shop" was created!

For more information on how to configure the profiles.yml file,
please consult the dbt documentation here:

  https://docs.getdbt.com/docs/configure-your-profile

One more thing:

Need help? Don't hesitate to reach out to us via GitHub issues or on Slack:

  https://community.getdbt.com/

Happy modeling!

[0m18:49:08.038052 [info ] [MainThread]: Setting up your profile.
[0m18:49:34.227216 [debug] [MainThread]: Spark adapter: Setting pyhive.hive logging to ERROR
[0m18:49:34.227926 [debug] [MainThread]: Spark adapter: Setting thrift.transport logging to ERROR
[0m18:49:34.228368 [debug] [MainThread]: Spark adapter: Setting thrift.protocol logging to ERROR
[0m18:51:51.050464 [info ] [MainThread]: Profile jaffle_shop written to /Users/gevorgkhachaturyan/.dbt/profiles.yml using target's profile_template.yml and your supplied values. Run 'dbt debug' to validate the connection.
[0m18:51:51.075514 [debug] [MainThread]: Resource report: {"command_name": "init", "command_success": true, "command_wall_clock_time": 163.1397, "process_user_time": 1.346384, "process_kernel_time": 0.175267, "process_mem_max_rss": "90222592", "process_in_blocks": "0", "process_out_blocks": "0"}
[0m18:51:51.076448 [debug] [MainThread]: Command `dbt init` succeeded at 18:51:51.076273 after 163.14 seconds
[0m18:51:51.076969 [debug] [MainThread]: Sending event: {'category': 'dbt', 'action': 'invocation', 'label': 'end', 'context': [<snowplow_tracker.self_describing_json.SelfDescribingJson object at 0x10cc212e0>, <snowplow_tracker.self_describing_json.SelfDescribingJson object at 0x10e6d2730>, <snowplow_tracker.self_describing_json.SelfDescribingJson object at 0x10e74a610>]}
[0m18:51:51.077492 [debug] [MainThread]: Flushing usage events
[0m18:52:31.487726 [debug] [MainThread]: Sending event: {'category': 'dbt', 'action': 'invocation', 'label': 'start', 'context': [<snowplow_tracker.self_describing_json.SelfDescribingJson object at 0x10e14d2e0>, <snowplow_tracker.self_describing_json.SelfDescribingJson object at 0x10fc70910>, <snowplow_tracker.self_describing_json.SelfDescribingJson object at 0x10fc70f40>]}


============================== 18:52:31.493813 | fc546b6f-45bd-41cf-8b35-c68349e398ee ==============================
[0m18:52:31.493813 [info ] [MainThread]: Running with dbt=1.8.6
[0m18:52:31.494523 [debug] [MainThread]: running dbt with arguments {'printer_width': '80', 'indirect_selection': 'eager', 'log_cache_events': 'False', 'write_json': 'True', 'partial_parse': 'True', 'cache_selected_only': 'False', 'profiles_dir': '/Users/gevorgkhachaturyan/.dbt', 'debug': 'False', 'fail_fast': 'False', 'log_path': 'logs', 'warn_error': 'None', 'version_check': 'True', 'use_colors': 'True', 'use_experimental_parser': 'False', 'empty': 'None', 'quiet': 'False', 'no_print': 'None', 'warn_error_options': 'WarnErrorOptions(include=[], exclude=[])', 'static_parser': 'True', 'introspect': 'True', 'invocation_command': 'dbt debug', 'target_path': 'None', 'log_format': 'default', 'send_anonymous_usage_stats': 'True'}
[0m18:52:31.506318 [info ] [MainThread]: dbt version: 1.8.6
[0m18:52:31.506744 [info ] [MainThread]: python version: 3.9.6
[0m18:52:31.507332 [info ] [MainThread]: python path: /Users/gevorgkhachaturyan/Development/dbt-env/bin/python
[0m18:52:31.507726 [info ] [MainThread]: os info: macOS-14.6.1-x86_64-i386-64bit
[0m18:52:31.573354 [debug] [MainThread]: Spark adapter: Setting pyhive.hive logging to ERROR
[0m18:52:31.573867 [debug] [MainThread]: Spark adapter: Setting thrift.transport logging to ERROR
[0m18:52:31.574197 [debug] [MainThread]: Spark adapter: Setting thrift.protocol logging to ERROR
[0m18:52:31.605909 [info ] [MainThread]: Using profiles dir at /Users/gevorgkhachaturyan/.dbt
[0m18:52:31.606275 [info ] [MainThread]: Using profiles.yml file at /Users/gevorgkhachaturyan/.dbt/profiles.yml
[0m18:52:31.606582 [info ] [MainThread]: Using dbt_project.yml file at /Users/gevorgkhachaturyan/Development/dbt-tutorial/dbt_project.yml
[0m18:52:31.606897 [info ] [MainThread]: Configuration:
[0m18:52:31.607192 [info ] [MainThread]:   profiles.yml file [[31mERROR invalid[0m]
[0m18:52:31.607484 [info ] [MainThread]:   dbt_project.yml file [[31mERROR not found[0m]
[0m18:52:31.607775 [info ] [MainThread]: Required dependencies:
[0m18:52:31.608126 [debug] [MainThread]: Executing "git --help"
[0m18:52:31.634557 [debug] [MainThread]: STDOUT: "b"usage: git [-v | --version] [-h | --help] [-C <path>] [-c <name>=<value>]\n           [--exec-path[=<path>]] [--html-path] [--man-path] [--info-path]\n           [-p | --paginate | -P | --no-pager] [--no-replace-objects] [--bare]\n           [--git-dir=<path>] [--work-tree=<path>] [--namespace=<name>]\n           [--super-prefix=<path>] [--config-env=<name>=<envvar>]\n           <command> [<args>]\n\nThese are common Git commands used in various situations:\n\nstart a working area (see also: git help tutorial)\n   clone     Clone a repository into a new directory\n   init      Create an empty Git repository or reinitialize an existing one\n\nwork on the current change (see also: git help everyday)\n   add       Add file contents to the index\n   mv        Move or rename a file, a directory, or a symlink\n   restore   Restore working tree files\n   rm        Remove files from the working tree and from the index\n\nexamine the history and state (see also: git help revisions)\n   bisect    Use binary search to find the commit that introduced a bug\n   diff      Show changes between commits, commit and working tree, etc\n   grep      Print lines matching a pattern\n   log       Show commit logs\n   show      Show various types of objects\n   status    Show the working tree status\n\ngrow, mark and tweak your common history\n   branch    List, create, or delete branches\n   commit    Record changes to the repository\n   merge     Join two or more development histories together\n   rebase    Reapply commits on top of another base tip\n   reset     Reset current HEAD to the specified state\n   switch    Switch branches\n   tag       Create, list, delete or verify a tag object signed with GPG\n\ncollaborate (see also: git help workflows)\n   fetch     Download objects and refs from another repository\n   pull      Fetch from and integrate with another repository or a local branch\n   push      Update remote refs along with associated objects\n\n'git help -a' and 'git help -g' list available subcommands and some\nconcept guides. See 'git help <command>' or 'git help <concept>'\nto read about a specific subcommand or concept.\nSee 'git help git' for an overview of the system.\n""
[0m18:52:31.635608 [debug] [MainThread]: STDERR: "b''"
[0m18:52:31.636066 [info ] [MainThread]:  - git [[32mOK found[0m]

[0m18:52:31.636510 [info ] [MainThread]: Connection test skipped since no profile was found
[0m18:52:31.637039 [info ] [MainThread]: [31m2 checks failed:[0m
[0m18:52:31.637442 [info ] [MainThread]: Could not load dbt_project.yml
Profile loading failed for the following reason:
Runtime Error
  Credentials in profile "jaffle_shop", target "dev" invalid: Runtime Error
    thrift connection method requires additional dependencies. 
    Install the additional required dependencies with `pip install dbt-spark[PyHive]`


[0m18:52:31.637855 [info ] [MainThread]: Project loading failed for the following reason:
 project path </Users/gevorgkhachaturyan/Development/dbt-tutorial/dbt_project.yml> not found

[0m18:52:31.639705 [debug] [MainThread]: Resource report: {"command_name": "debug", "command_wall_clock_time": 0.22317427, "process_user_time": 1.362258, "process_kernel_time": 0.163969, "process_mem_max_rss": "90902528", "command_success": false, "process_in_blocks": "0", "process_out_blocks": "0"}
[0m18:52:31.640458 [debug] [MainThread]: Command `dbt debug` failed at 18:52:31.640289 after 0.22 seconds
[0m18:52:31.641059 [debug] [MainThread]: Sending event: {'category': 'dbt', 'action': 'invocation', 'label': 'end', 'context': [<snowplow_tracker.self_describing_json.SelfDescribingJson object at 0x10e14d2e0>, <snowplow_tracker.self_describing_json.SelfDescribingJson object at 0x10fc4b5e0>, <snowplow_tracker.self_describing_json.SelfDescribingJson object at 0x10fce6df0>]}
[0m18:52:31.641619 [debug] [MainThread]: Flushing usage events
